# JRE version: 7.0_11-b21
# Java VM: Java HotSpot(TM) 64-Bit Server VM (23.6-b04 mixed mode windows-amd64 compressed oops)
Heap
 PSYoungGen      total 19072K, used 5436K [0x00000000eac00000, 0x00000000ec140000, 0x0000000100000000)
  eden space 16384K, 28% used [0x00000000eac00000,0x00000000eb087360,0x00000000ebc00000)
  from space 2688K, 29% used [0x00000000ebea0000,0x00000000ebf68020,0x00000000ec140000)
  to   space 2688K, 0% used [0x00000000ebc00000,0x00000000ebc00000,0x00000000ebea0000)
 ParOldGen       total 43520K, used 5165K [0x00000000c0400000, 0x00000000c2e80000, 0x00000000eac00000)
  object space 43520K, 11% used [0x00000000c0400000,0x00000000c090b420,0x00000000c2e80000)
 PSPermGen       total 21248K, used 7265K [0x00000000bb200000, 0x00000000bc6c0000, 0x00000000c0400000)
  object space 21248K, 34% used [0x00000000bb200000,0x00000000bb918448,0x00000000bc6c0000)
GC Heap History (4 events):
Event: 1.014 GC heap before
{Heap before GC invocations=1 (full 0):
 PSYoungGen      total 19072K, used 13010K [0x00000000eac00000, 0x00000000ec140000, 0x0000000100000000)
  eden space 16384K, 79% used [0x00000000eac00000,0x00000000eb8b4b40,0x00000000ebc00000)
  from space 2688K, 0% used [0x00000000ebea0000,0x00000000ebea0000,0x00000000ec140000)
  to   space 2688K, 0% used [0x00000000ebc00000,0x00000000ebc00000,0x00000000ebea0000)
 ParOldGen       total 43520K, used 0K [0x00000000c0400000, 0x00000000c2e80000, 0x00000000eac00000)
  object space 43520K, 0% used [0x00000000c0400000,0x00000000c0400000,0x00000000c2e80000)
 PSPermGen       total 21248K, used 7059K [0x00000000bb200000, 0x00000000bc6c0000, 0x00000000c0400000)
  object space 21248K, 33% used [0x00000000bb200000,0x00000000bb8e4f38,0x00000000bc6c0000)
Event: 1.018 GC heap after
Heap after GC invocations=1 (full 0):
 PSYoungGen      total 19072K, used 2397K [0x00000000eac00000, 0x00000000ec140000, 0x0000000100000000)
  eden space 16384K, 0% used [0x00000000eac00000,0x00000000eac00000,0x00000000ebc00000)
  from space 2688K, 89% used [0x00000000ebc00000,0x00000000ebe57410,0x00000000ebea0000)
  to   space 2688K, 0% used [0x00000000ebea0000,0x00000000ebea0000,0x00000000ec140000)
 ParOldGen       total 43520K, used 5157K [0x00000000c0400000, 0x00000000c2e80000, 0x00000000eac00000)
  object space 43520K, 11% used [0x00000000c0400000,0x00000000c0909420,0x00000000c2e80000)
 PSPermGen       total 21248K, used 7059K [0x00000000bb200000, 0x00000000bc6c0000, 0x00000000c0400000)
  object space 21248K, 33% used [0x00000000bb200000,0x00000000bb8e4f38,0x00000000bc6c0000)
}
Event: 37.164 GC heap before
{Heap before GC invocations=2 (full 0):
 PSYoungGen      total 19072K, used 18781K [0x00000000eac00000, 0x00000000ec140000, 0x0000000100000000)
  eden space 16384K, 100% used [0x00000000eac00000,0x00000000ebc00000,0x00000000ebc00000)
  from space 2688K, 89% used [0x00000000ebc00000,0x00000000ebe57410,0x00000000ebea0000)
  to   space 2688K, 0% used [0x00000000ebea0000,0x00000000ebea0000,0x00000000ec140000)
 ParOldGen       total 43520K, used 5157K [0x00000000c0400000, 0x00000000c2e80000, 0x00000000eac00000)
  object space 43520K, 11% used [0x00000000c0400000,0x00000000c0909420,0x00000000c2e80000)
 PSPermGen       total 21248K, used 7114K [0x00000000bb200000, 0x00000000bc6c0000, 0x00000000c0400000)
  object space 21248K, 33% used [0x00000000bb200000,0x00000000bb8f2a48,0x00000000bc6c0000)
Event: 37.166 GC heap after
Heap after GC invocations=2 (full 0):
 PSYoungGen      total 19072K, used 800K [0x00000000eac00000, 0x00000000ec140000, 0x0000000100000000)
  eden space 16384K, 0% used [0x00000000eac00000,0x00000000eac00000,0x00000000ebc00000)
  from space 2688K, 29% used [0x00000000ebea0000,0x00000000ebf68020,0x00000000ec140000)
  to   space 2688K, 0% used [0x00000000ebc00000,0x00000000ebc00000,0x00000000ebea0000)
 ParOldGen       total 43520K, used 5165K [0x00000000c0400000, 0x00000000c2e80000, 0x00000000eac00000)
  object space 43520K, 11% used [0x00000000c0400000,0x00000000c090b420,0x00000000c2e80000)
 PSPermGen       total 21248K, used 7114K [0x00000000bb200000, 0x00000000bc6c0000, 0x00000000c0400000)
  object space 21248K, 33% used [0x00000000bb200000,0x00000000bb8f2a48,0x00000000bc6c0000)
}

