# JRE version: 7.0_11-b21
# Java VM: Java HotSpot(TM) 64-Bit Server VM (23.6-b04 mixed mode windows-amd64 compressed oops)
Heap
 PSYoungGen      total 19072K, used 17946K [0x00000000eac00000, 0x00000000ec140000, 0x0000000100000000)
  eden space 16384K, 93% used [0x00000000eac00000,0x00000000ebae7008,0x00000000ebc00000)
  from space 2688K, 99% used [0x00000000ebea0000,0x00000000ec13fb78,0x00000000ec140000)
  to   space 2688K, 0% used [0x00000000ebc00000,0x00000000ebc00000,0x00000000ebea0000)
 ParOldGen       total 43520K, used 2113K [0x00000000c0400000, 0x00000000c2e80000, 0x00000000eac00000)
  object space 43520K, 4% used [0x00000000c0400000,0x00000000c0610508,0x00000000c2e80000)
 PSPermGen       total 21248K, used 11823K [0x00000000bb200000, 0x00000000bc6c0000, 0x00000000c0400000)
  object space 21248K, 55% used [0x00000000bb200000,0x00000000bbd8bee0,0x00000000bc6c0000)
GC Heap History (8 events):
Event: 47.588 GC heap before
{Heap before GC invocations=1 (full 0):
 PSYoungGen      total 19072K, used 16384K [0x00000000eac00000, 0x00000000ec140000, 0x0000000100000000)
  eden space 16384K, 100% used [0x00000000eac00000,0x00000000ebc00000,0x00000000ebc00000)
  from space 2688K, 0% used [0x00000000ebea0000,0x00000000ebea0000,0x00000000ec140000)
  to   space 2688K, 0% used [0x00000000ebc00000,0x00000000ebc00000,0x00000000ebea0000)
 ParOldGen       total 43520K, used 0K [0x00000000c0400000, 0x00000000c2e80000, 0x00000000eac00000)
  object space 43520K, 0% used [0x00000000c0400000,0x00000000c0400000,0x00000000c2e80000)
 PSPermGen       total 21248K, used 11556K [0x00000000bb200000, 0x00000000bc6c0000, 0x00000000c0400000)
  object space 21248K, 54% used [0x00000000bb200000,0x00000000bbd49050,0x00000000bc6c0000)
Event: 47.593 GC heap after
Heap after GC invocations=1 (full 0):
 PSYoungGen      total 19072K, used 2677K [0x00000000eac00000, 0x00000000ec140000, 0x0000000100000000)
  eden space 16384K, 0% used [0x00000000eac00000,0x00000000eac00000,0x00000000ebc00000)
  from space 2688K, 99% used [0x00000000ebc00000,0x00000000ebe9d608,0x00000000ebea0000)
  to   space 2688K, 0% used [0x00000000ebea0000,0x00000000ebea0000,0x00000000ec140000)
 ParOldGen       total 43520K, used 1941K [0x00000000c0400000, 0x00000000c2e80000, 0x00000000eac00000)
  object space 43520K, 4% used [0x00000000c0400000,0x00000000c05e5428,0x00000000c2e80000)
 PSPermGen       total 21248K, used 11556K [0x00000000bb200000, 0x00000000bc6c0000, 0x00000000c0400000)
  object space 21248K, 54% used [0x00000000bb200000,0x00000000bbd49050,0x00000000bc6c0000)
}
Event: 182.799 GC heap before
{Heap before GC invocations=2 (full 0):
 PSYoungGen      total 19072K, used 19061K [0x00000000eac00000, 0x00000000ec140000, 0x0000000100000000)
  eden space 16384K, 100% used [0x00000000eac00000,0x00000000ebc00000,0x00000000ebc00000)
  from space 2688K, 99% used [0x00000000ebc00000,0x00000000ebe9d608,0x00000000ebea0000)
  to   space 2688K, 0% used [0x00000000ebea0000,0x00000000ebea0000,0x00000000ec140000)
 ParOldGen       total 43520K, used 1941K [0x00000000c0400000, 0x00000000c2e80000, 0x00000000eac00000)
  object space 43520K, 4% used [0x00000000c0400000,0x00000000c05e54f0,0x00000000c2e80000)
 PSPermGen       total 21248K, used 11655K [0x00000000bb200000, 0x00000000bc6c0000, 0x00000000c0400000)
  object space 21248K, 54% used [0x00000000bb200000,0x00000000bbd61cd0,0x00000000bc6c0000)
Event: 182.803 GC heap after
Heap after GC invocations=2 (full 0):
 PSYoungGen      total 19072K, used 2670K [0x00000000eac00000, 0x00000000ec140000, 0x0000000100000000)
  eden space 16384K, 0% used [0x00000000eac00000,0x00000000eac00000,0x00000000ebc00000)
  from space 2688K, 99% used [0x00000000ebea0000,0x00000000ec13bb68,0x00000000ec140000)
  to   space 2688K, 0% used [0x00000000ebc00000,0x00000000ebc00000,0x00000000ebea0000)
 ParOldGen       total 43520K, used 1981K [0x00000000c0400000, 0x00000000c2e80000, 0x00000000eac00000)
  object space 43520K, 4% used [0x00000000c0400000,0x00000000c05ef4f0,0x00000000c2e80000)
 PSPermGen       total 21248K, used 11655K [0x00000000bb200000, 0x00000000bc6c0000, 0x00000000c0400000)
  object space 21248K, 54% used [0x00000000bb200000,0x00000000bbd61cd0,0x00000000bc6c0000)
}
Event: 207.224 GC heap before
{Heap before GC invocations=3 (full 0):
 PSYoungGen      total 19072K, used 19054K [0x00000000eac00000, 0x00000000ec140000, 0x0000000100000000)
  eden space 16384K, 100% used [0x00000000eac00000,0x00000000ebc00000,0x00000000ebc00000)
  from space 2688K, 99% used [0x00000000ebea0000,0x00000000ec13bb68,0x00000000ec140000)
  to   space 2688K, 0% used [0x00000000ebc00000,0x00000000ebc00000,0x00000000ebea0000)
 ParOldGen       total 43520K, used 1985K [0x00000000c0400000, 0x00000000c2e80000, 0x00000000eac00000)
  object space 43520K, 4% used [0x00000000c0400000,0x00000000c05f0508,0x00000000c2e80000)
 PSPermGen       total 21248K, used 11730K [0x00000000bb200000, 0x00000000bc6c0000, 0x00000000c0400000)
  object space 21248K, 55% used [0x00000000bb200000,0x00000000bbd74b60,0x00000000bc6c0000)
Event: 207.228 GC heap after
Heap after GC invocations=3 (full 0):
 PSYoungGen      total 19072K, used 2686K [0x00000000eac00000, 0x00000000ec140000, 0x0000000100000000)
  eden space 16384K, 0% used [0x00000000eac00000,0x00000000eac00000,0x00000000ebc00000)
  from space 2688K, 99% used [0x00000000ebc00000,0x00000000ebe9fb58,0x00000000ebea0000)
  to   space 2688K, 0% used [0x00000000ebea0000,0x00000000ebea0000,0x00000000ec140000)
 ParOldGen       total 43520K, used 2065K [0x00000000c0400000, 0x00000000c2e80000, 0x00000000eac00000)
  object space 43520K, 4% used [0x00000000c0400000,0x00000000c0604508,0x00000000c2e80000)
 PSPermGen       total 21248K, used 11730K [0x00000000bb200000, 0x00000000bc6c0000, 0x00000000c0400000)
  object space 21248K, 55% used [0x00000000bb200000,0x00000000bbd74b60,0x00000000bc6c0000)
}
Event: 229.676 GC heap before
{Heap before GC invocations=4 (full 0):
 PSYoungGen      total 19072K, used 19070K [0x00000000eac00000, 0x00000000ec140000, 0x0000000100000000)
  eden space 16384K, 100% used [0x00000000eac00000,0x00000000ebc00000,0x00000000ebc00000)
  from space 2688K, 99% used [0x00000000ebc00000,0x00000000ebe9fb58,0x00000000ebea0000)
  to   space 2688K, 0% used [0x00000000ebea0000,0x00000000ebea0000,0x00000000ec140000)
 ParOldGen       total 43520K, used 2065K [0x00000000c0400000, 0x00000000c2e80000, 0x00000000eac00000)
  object space 43520K, 4% used [0x00000000c0400000,0x00000000c0604508,0x00000000c2e80000)
 PSPermGen       total 21248K, used 11789K [0x00000000bb200000, 0x00000000bc6c0000, 0x00000000c0400000)
  object space 21248K, 55% used [0x00000000bb200000,0x00000000bbd83578,0x00000000bc6c0000)
Event: 229.680 GC heap after
Heap after GC invocations=4 (full 0):
 PSYoungGen      total 19072K, used 2686K [0x00000000eac00000, 0x00000000ec140000, 0x0000000100000000)
  eden space 16384K, 0% used [0x00000000eac00000,0x00000000eac00000,0x00000000ebc00000)
  from space 2688K, 99% used [0x00000000ebea0000,0x00000000ec13fb78,0x00000000ec140000)
  to   space 2688K, 0% used [0x00000000ebc00000,0x00000000ebc00000,0x00000000ebea0000)
 ParOldGen       total 43520K, used 2113K [0x00000000c0400000, 0x00000000c2e80000, 0x00000000eac00000)
  object space 43520K, 4% used [0x00000000c0400000,0x00000000c0610508,0x00000000c2e80000)
 PSPermGen       total 21248K, used 11789K [0x00000000bb200000, 0x00000000bc6c0000, 0x00000000c0400000)
  object space 21248K, 55% used [0x00000000bb200000,0x00000000bbd83578,0x00000000bc6c0000)
}

