# JRE version: 7.0_11-b21
# Java VM: Java HotSpot(TM) 64-Bit Server VM (23.6-b04 mixed mode windows-amd64 compressed oops)
Heap
 PSYoungGen      total 35456K, used 18683K [0x00000000eac00000, 0x00000000ed140000, 0x0000000100000000)
  eden space 32768K, 57% used [0x00000000eac00000,0x00000000ebe3ec50,0x00000000ecc00000)
  from space 2688K, 0% used [0x00000000ecea0000,0x00000000ecea0000,0x00000000ed140000)
  to   space 2688K, 0% used [0x00000000ecc00000,0x00000000ecc00000,0x00000000ecea0000)
 ParOldGen       total 66496K, used 17232K [0x00000000c0400000, 0x00000000c44f0000, 0x00000000eac00000)
  object space 66496K, 25% used [0x00000000c0400000,0x00000000c14d4090,0x00000000c44f0000)
 PSPermGen       total 21248K, used 9542K [0x00000000bb200000, 0x00000000bc6c0000, 0x00000000c0400000)
  object space 21248K, 44% used [0x00000000bb200000,0x00000000bbb51a58,0x00000000bc6c0000)
GC Heap History (6 events):
Event: 0.407 GC heap before
{Heap before GC invocations=1 (full 0):
 PSYoungGen      total 19072K, used 16384K [0x00000000eac00000, 0x00000000ec140000, 0x0000000100000000)
  eden space 16384K, 100% used [0x00000000eac00000,0x00000000ebc00000,0x00000000ebc00000)
  from space 2688K, 0% used [0x00000000ebea0000,0x00000000ebea0000,0x00000000ec140000)
  to   space 2688K, 0% used [0x00000000ebc00000,0x00000000ebc00000,0x00000000ebea0000)
 ParOldGen       total 43520K, used 0K [0x00000000c0400000, 0x00000000c2e80000, 0x00000000eac00000)
  object space 43520K, 0% used [0x00000000c0400000,0x00000000c0400000,0x00000000c2e80000)
 PSPermGen       total 21248K, used 7176K [0x00000000bb200000, 0x00000000bc6c0000, 0x00000000c0400000)
  object space 21248K, 33% used [0x00000000bb200000,0x00000000bb902248,0x00000000bc6c0000)
Event: 0.415 GC heap after
Heap after GC invocations=1 (full 0):
 PSYoungGen      total 19072K, used 2459K [0x00000000eac00000, 0x00000000ed140000, 0x0000000100000000)
  eden space 16384K, 0% used [0x00000000eac00000,0x00000000eac00000,0x00000000ebc00000)
  from space 2688K, 91% used [0x00000000ebc00000,0x00000000ebe66c50,0x00000000ebea0000)
  to   space 2688K, 0% used [0x00000000ecea0000,0x00000000ecea0000,0x00000000ed140000)
 ParOldGen       total 43520K, used 14647K [0x00000000c0400000, 0x00000000c2e80000, 0x00000000eac00000)
  object space 43520K, 33% used [0x00000000c0400000,0x00000000c124de20,0x00000000c2e80000)
 PSPermGen       total 21248K, used 7176K [0x00000000bb200000, 0x00000000bc6c0000, 0x00000000c0400000)
  object space 21248K, 33% used [0x00000000bb200000,0x00000000bb902248,0x00000000bc6c0000)
}
Event: 0.814 GC heap before
{Heap before GC invocations=2 (full 0):
 PSYoungGen      total 19072K, used 16245K [0x00000000eac00000, 0x00000000ed140000, 0x0000000100000000)
  eden space 16384K, 84% used [0x00000000eac00000,0x00000000eb976b70,0x00000000ebc00000)
  from space 2688K, 91% used [0x00000000ebc00000,0x00000000ebe66c50,0x00000000ebea0000)
  to   space 2688K, 0% used [0x00000000ecea0000,0x00000000ecea0000,0x00000000ed140000)
 ParOldGen       total 43520K, used 14647K [0x00000000c0400000, 0x00000000c2e80000, 0x00000000eac00000)
  object space 43520K, 33% used [0x00000000c0400000,0x00000000c124de20,0x00000000c2e80000)
 PSPermGen       total 21248K, used 9267K [0x00000000bb200000, 0x00000000bc6c0000, 0x00000000c0400000)
  object space 21248K, 43% used [0x00000000bb200000,0x00000000bbb0cfc0,0x00000000bc6c0000)
Event: 0.821 GC heap after
Heap after GC invocations=2 (full 0):
 PSYoungGen      total 35456K, used 2683K [0x00000000eac00000, 0x00000000ed140000, 0x0000000100000000)
  eden space 32768K, 0% used [0x00000000eac00000,0x00000000eac00000,0x00000000ecc00000)
  from space 2688K, 99% used [0x00000000ecea0000,0x00000000ed13ec50,0x00000000ed140000)
  to   space 2688K, 0% used [0x00000000ecc00000,0x00000000ecc00000,0x00000000ecea0000)
 ParOldGen       total 43520K, used 36618K [0x00000000c0400000, 0x00000000c2e80000, 0x00000000eac00000)
  object space 43520K, 84% used [0x00000000c0400000,0x00000000c27c2b50,0x00000000c2e80000)
 PSPermGen       total 21248K, used 9267K [0x00000000bb200000, 0x00000000bc6c0000, 0x00000000c0400000)
  object space 21248K, 43% used [0x00000000bb200000,0x00000000bbb0cfc0,0x00000000bc6c0000)
}
Event: 0.821 GC heap before
{Heap before GC invocations=3 (full 1):
 PSYoungGen      total 35456K, used 2683K [0x00000000eac00000, 0x00000000ed140000, 0x0000000100000000)
  eden space 32768K, 0% used [0x00000000eac00000,0x00000000eac00000,0x00000000ecc00000)
  from space 2688K, 99% used [0x00000000ecea0000,0x00000000ed13ec50,0x00000000ed140000)
  to   space 2688K, 0% used [0x00000000ecc00000,0x00000000ecc00000,0x00000000ecea0000)
 ParOldGen       total 43520K, used 36618K [0x00000000c0400000, 0x00000000c2e80000, 0x00000000eac00000)
  object space 43520K, 84% used [0x00000000c0400000,0x00000000c27c2b50,0x00000000c2e80000)
 PSPermGen       total 21248K, used 9267K [0x00000000bb200000, 0x00000000bc6c0000, 0x00000000c0400000)
  object space 21248K, 43% used [0x00000000bb200000,0x00000000bbb0cfc0,0x00000000bc6c0000)
Event: 0.840 GC heap after
Heap after GC invocations=3 (full 1):
 PSYoungGen      total 35456K, used 0K [0x00000000eac00000, 0x00000000ed140000, 0x0000000100000000)
  eden space 32768K, 0% used [0x00000000eac00000,0x00000000eac00000,0x00000000ecc00000)
  from space 2688K, 0% used [0x00000000ecea0000,0x00000000ecea0000,0x00000000ed140000)
  to   space 2688K, 0% used [0x00000000ecc00000,0x00000000ecc00000,0x00000000ecea0000)
 ParOldGen       total 66496K, used 17232K [0x00000000c0400000, 0x00000000c44f0000, 0x00000000eac00000)
  object space 66496K, 25% used [0x00000000c0400000,0x00000000c14d4090,0x00000000c44f0000)
 PSPermGen       total 21248K, used 9264K [0x00000000bb200000, 0x00000000bc6c0000, 0x00000000c0400000)
  object space 21248K, 43% used [0x00000000bb200000,0x00000000bbb0c3b0,0x00000000bc6c0000)
}

