# JRE version: 7.0_11-b21
# Java VM: Java HotSpot(TM) 64-Bit Server VM (23.6-b04 mixed mode windows-amd64 compressed oops)
Heap
 PSYoungGen      total 9792K, used 7097K [0x00000000eac00000, 0x00000000eb6e0000, 0x0000000100000000)
  eden space 9728K, 72% used [0x00000000eac00000,0x00000000eb2de4b8,0x00000000eb580000)
  from space 64K, 100% used [0x00000000eb5a0000,0x00000000eb5b0000,0x00000000eb5b0000)
  to   space 704K, 0% used [0x00000000eb630000,0x00000000eb630000,0x00000000eb6e0000)
 ParOldGen       total 43520K, used 1104K [0x00000000c0400000, 0x00000000c2e80000, 0x00000000eac00000)
  object space 43520K, 2% used [0x00000000c0400000,0x00000000c0514388,0x00000000c2e80000)
 PSPermGen       total 21248K, used 8401K [0x00000000bb200000, 0x00000000bc6c0000, 0x00000000c0400000)
  object space 21248K, 39% used [0x00000000bb200000,0x00000000bba344a0,0x00000000bc6c0000)
GC Heap History (10 events):
Event: 919.913 GC heap before
{Heap before GC invocations=27 (full 0):
 PSYoungGen      total 11264K, used 10592K [0x00000000eac00000, 0x00000000eb830000, 0x0000000100000000)
  eden space 10560K, 100% used [0x00000000eac00000,0x00000000eb650000,0x00000000eb650000)
  from space 704K, 4% used [0x00000000eb780000,0x00000000eb788000,0x00000000eb830000)
  to   space 960K, 0% used [0x00000000eb650000,0x00000000eb650000,0x00000000eb740000)
 ParOldGen       total 43520K, used 1104K [0x00000000c0400000, 0x00000000c2e80000, 0x00000000eac00000)
  object space 43520K, 2% used [0x00000000c0400000,0x00000000c0514388,0x00000000c2e80000)
 PSPermGen       total 21248K, used 8401K [0x00000000bb200000, 0x00000000bc6c0000, 0x00000000c0400000)
  object space 21248K, 39% used [0x00000000bb200000,0x00000000bba344a0,0x00000000bc6c0000)
Event: 919.913 GC heap after
Heap after GC invocations=27 (full 0):
 PSYoungGen      total 10432K, used 64K [0x00000000eac00000, 0x00000000eb7e0000, 0x0000000100000000)
  eden space 10368K, 0% used [0x00000000eac00000,0x00000000eac00000,0x00000000eb620000)
  from space 64K, 100% used [0x00000000eb650000,0x00000000eb660000,0x00000000eb660000)
  to   space 896K, 0% used [0x00000000eb700000,0x00000000eb700000,0x00000000eb7e0000)
 ParOldGen       total 43520K, used 1104K [0x00000000c0400000, 0x00000000c2e80000, 0x00000000eac00000)
  object space 43520K, 2% used [0x00000000c0400000,0x00000000c0514388,0x00000000c2e80000)
 PSPermGen       total 21248K, used 8401K [0x00000000bb200000, 0x00000000bc6c0000, 0x00000000c0400000)
  object space 21248K, 39% used [0x00000000bb200000,0x00000000bba344a0,0x00000000bc6c0000)
}
Event: 946.043 GC heap before
{Heap before GC invocations=28 (full 0):
 PSYoungGen      total 10432K, used 10432K [0x00000000eac00000, 0x00000000eb7e0000, 0x0000000100000000)
  eden space 10368K, 100% used [0x00000000eac00000,0x00000000eb620000,0x00000000eb620000)
  from space 64K, 100% used [0x00000000eb650000,0x00000000eb660000,0x00000000eb660000)
  to   space 896K, 0% used [0x00000000eb700000,0x00000000eb700000,0x00000000eb7e0000)
 ParOldGen       total 43520K, used 1104K [0x00000000c0400000, 0x00000000c2e80000, 0x00000000eac00000)
  object space 43520K, 2% used [0x00000000c0400000,0x00000000c0514388,0x00000000c2e80000)
 PSPermGen       total 21248K, used 8401K [0x00000000bb200000, 0x00000000bc6c0000, 0x00000000c0400000)
  object space 21248K, 39% used [0x00000000bb200000,0x00000000bba344a0,0x00000000bc6c0000)
Event: 946.043 GC heap after
Heap after GC invocations=28 (full 0):
 PSYoungGen      total 10752K, used 64K [0x00000000eac00000, 0x00000000eb790000, 0x0000000100000000)
  eden space 10176K, 0% used [0x00000000eac00000,0x00000000eac00000,0x00000000eb5f0000)
  from space 576K, 11% used [0x00000000eb700000,0x00000000eb710000,0x00000000eb790000)
  to   space 832K, 0% used [0x00000000eb5f0000,0x00000000eb5f0000,0x00000000eb6c0000)
 ParOldGen       total 43520K, used 1104K [0x00000000c0400000, 0x00000000c2e80000, 0x00000000eac00000)
  object space 43520K, 2% used [0x00000000c0400000,0x00000000c0514388,0x00000000c2e80000)
 PSPermGen       total 21248K, used 8401K [0x00000000bb200000, 0x00000000bc6c0000, 0x00000000c0400000)
  object space 21248K, 39% used [0x00000000bb200000,0x00000000bba344a0,0x00000000bc6c0000)
}
Event: 971.706 GC heap before
{Heap before GC invocations=29 (full 0):
 PSYoungGen      total 10752K, used 10240K [0x00000000eac00000, 0x00000000eb790000, 0x0000000100000000)
  eden space 10176K, 100% used [0x00000000eac00000,0x00000000eb5f0000,0x00000000eb5f0000)
  from space 576K, 11% used [0x00000000eb700000,0x00000000eb710000,0x00000000eb790000)
  to   space 832K, 0% used [0x00000000eb5f0000,0x00000000eb5f0000,0x00000000eb6c0000)
 ParOldGen       total 43520K, used 1104K [0x00000000c0400000, 0x00000000c2e80000, 0x00000000eac00000)
  object space 43520K, 2% used [0x00000000c0400000,0x00000000c0514388,0x00000000c2e80000)
 PSPermGen       total 21248K, used 8401K [0x00000000bb200000, 0x00000000bc6c0000, 0x00000000c0400000)
  object space 21248K, 39% used [0x00000000bb200000,0x00000000bba344a0,0x00000000bc6c0000)
Event: 971.706 GC heap after
Heap after GC invocations=29 (full 0):
 PSYoungGen      total 10048K, used 64K [0x00000000eac00000, 0x00000000eb740000, 0x0000000100000000)
  eden space 9984K, 0% used [0x00000000eac00000,0x00000000eac00000,0x00000000eb5c0000)
  from space 64K, 100% used [0x00000000eb5f0000,0x00000000eb600000,0x00000000eb600000)
  to   space 768K, 0% used [0x00000000eb680000,0x00000000eb680000,0x00000000eb740000)
 ParOldGen       total 43520K, used 1104K [0x00000000c0400000, 0x00000000c2e80000, 0x00000000eac00000)
  object space 43520K, 2% used [0x00000000c0400000,0x00000000c0514388,0x00000000c2e80000)
 PSPermGen       total 21248K, used 8401K [0x00000000bb200000, 0x00000000bc6c0000, 0x00000000c0400000)
  object space 21248K, 39% used [0x00000000bb200000,0x00000000bba344a0,0x00000000bc6c0000)
}
Event: 996.932 GC heap before
{Heap before GC invocations=30 (full 0):
 PSYoungGen      total 10048K, used 10048K [0x00000000eac00000, 0x00000000eb740000, 0x0000000100000000)
  eden space 9984K, 100% used [0x00000000eac00000,0x00000000eb5c0000,0x00000000eb5c0000)
  from space 64K, 100% used [0x00000000eb5f0000,0x00000000eb600000,0x00000000eb600000)
  to   space 768K, 0% used [0x00000000eb680000,0x00000000eb680000,0x00000000eb740000)
 ParOldGen       total 43520K, used 1104K [0x00000000c0400000, 0x00000000c2e80000, 0x00000000eac00000)
  object space 43520K, 2% used [0x00000000c0400000,0x00000000c0514388,0x00000000c2e80000)
 PSPermGen       total 21248K, used 8401K [0x00000000bb200000, 0x00000000bc6c0000, 0x00000000c0400000)
  object space 21248K, 39% used [0x00000000bb200000,0x00000000bba344a0,0x00000000bc6c0000)
Event: 996.932 GC heap after
Heap after GC invocations=30 (full 0):
 PSYoungGen      total 10368K, used 64K [0x00000000eac00000, 0x00000000eb700000, 0x0000000100000000)
  eden space 9856K, 0% used [0x00000000eac00000,0x00000000eac00000,0x00000000eb5a0000)
  from space 512K, 12% used [0x00000000eb680000,0x00000000eb690000,0x00000000eb700000)
  to   space 704K, 0% used [0x00000000eb5a0000,0x00000000eb5a0000,0x00000000eb650000)
 ParOldGen       total 43520K, used 1104K [0x00000000c0400000, 0x00000000c2e80000, 0x00000000eac00000)
  object space 43520K, 2% used [0x00000000c0400000,0x00000000c0514388,0x00000000c2e80000)
 PSPermGen       total 21248K, used 8401K [0x00000000bb200000, 0x00000000bc6c0000, 0x00000000c0400000)
  object space 21248K, 39% used [0x00000000bb200000,0x00000000bba344a0,0x00000000bc6c0000)
}
Event: 1021.937 GC heap before
{Heap before GC invocations=31 (full 0):
 PSYoungGen      total 10368K, used 9920K [0x00000000eac00000, 0x00000000eb700000, 0x0000000100000000)
  eden space 9856K, 100% used [0x00000000eac00000,0x00000000eb5a0000,0x00000000eb5a0000)
  from space 512K, 12% used [0x00000000eb680000,0x00000000eb690000,0x00000000eb700000)
  to   space 704K, 0% used [0x00000000eb5a0000,0x00000000eb5a0000,0x00000000eb650000)
 ParOldGen       total 43520K, used 1104K [0x00000000c0400000, 0x00000000c2e80000, 0x00000000eac00000)
  object space 43520K, 2% used [0x00000000c0400000,0x00000000c0514388,0x00000000c2e80000)
 PSPermGen       total 21248K, used 8401K [0x00000000bb200000, 0x00000000bc6c0000, 0x00000000c0400000)
  object space 21248K, 39% used [0x00000000bb200000,0x00000000bba344a0,0x00000000bc6c0000)
Event: 1021.938 GC heap after
Heap after GC invocations=31 (full 0):
 PSYoungGen      total 9792K, used 64K [0x00000000eac00000, 0x00000000eb6e0000, 0x0000000100000000)
  eden space 9728K, 0% used [0x00000000eac00000,0x00000000eac00000,0x00000000eb580000)
  from space 64K, 100% used [0x00000000eb5a0000,0x00000000eb5b0000,0x00000000eb5b0000)
  to   space 704K, 0% used [0x00000000eb630000,0x00000000eb630000,0x00000000eb6e0000)
 ParOldGen       total 43520K, used 1104K [0x00000000c0400000, 0x00000000c2e80000, 0x00000000eac00000)
  object space 43520K, 2% used [0x00000000c0400000,0x00000000c0514388,0x00000000c2e80000)
 PSPermGen       total 21248K, used 8401K [0x00000000bb200000, 0x00000000bc6c0000, 0x00000000c0400000)
  object space 21248K, 39% used [0x00000000bb200000,0x00000000bba344a0,0x00000000bc6c0000)
}

