# JRE version: 7.0_11-b21
# Java VM: Java HotSpot(TM) 64-Bit Server VM (23.6-b04 mixed mode windows-amd64 compressed oops)
Heap
 PSYoungGen      total 19072K, used 3965K [0x00000000eac00000, 0x00000000ec730000, 0x0000000100000000)
  eden space 16384K, 23% used [0x00000000eac00000,0x00000000eafbf4b0,0x00000000ebc00000)
  from space 2688K, 4% used [0x00000000ebc00000,0x00000000ebc20000,0x00000000ebea0000)
  to   space 2688K, 0% used [0x00000000ec490000,0x00000000ec490000,0x00000000ec730000)
 ParOldGen       total 60352K, used 32972K [0x00000000c0400000, 0x00000000c3ef0000, 0x00000000eac00000)
  object space 60352K, 54% used [0x00000000c0400000,0x00000000c24331b8,0x00000000c3ef0000)
 PSPermGen       total 21248K, used 9447K [0x00000000bb200000, 0x00000000bc6c0000, 0x00000000c0400000)
  object space 21248K, 44% used [0x00000000bb200000,0x00000000bbb39d88,0x00000000bc6c0000)
GC Heap History (8 events):
Event: 0.870 GC heap before
{Heap before GC invocations=1 (full 0):
 PSYoungGen      total 19072K, used 16384K [0x00000000eac00000, 0x00000000ec140000, 0x0000000100000000)
  eden space 16384K, 100% used [0x00000000eac00000,0x00000000ebc00000,0x00000000ebc00000)
  from space 2688K, 0% used [0x00000000ebea0000,0x00000000ebea0000,0x00000000ec140000)
  to   space 2688K, 0% used [0x00000000ebc00000,0x00000000ebc00000,0x00000000ebea0000)
 ParOldGen       total 43520K, used 0K [0x00000000c0400000, 0x00000000c2e80000, 0x00000000eac00000)
  object space 43520K, 0% used [0x00000000c0400000,0x00000000c0400000,0x00000000c2e80000)
 PSPermGen       total 21248K, used 7052K [0x00000000bb200000, 0x00000000bc6c0000, 0x00000000c0400000)
  object space 21248K, 33% used [0x00000000bb200000,0x00000000bb8e3158,0x00000000bc6c0000)
Event: 0.877 GC heap after
Heap after GC invocations=1 (full 0):
 PSYoungGen      total 19072K, used 2045K [0x00000000eac00000, 0x00000000ec140000, 0x0000000100000000)
  eden space 16384K, 0% used [0x00000000eac00000,0x00000000eac00000,0x00000000ebc00000)
  from space 2688K, 76% used [0x00000000ebc00000,0x00000000ebdff520,0x00000000ebea0000)
  to   space 2688K, 0% used [0x00000000ebea0000,0x00000000ebea0000,0x00000000ec140000)
 ParOldGen       total 43520K, used 16146K [0x00000000c0400000, 0x00000000c2e80000, 0x00000000eac00000)
  object space 43520K, 37% used [0x00000000c0400000,0x00000000c13c4a70,0x00000000c2e80000)
 PSPermGen       total 21248K, used 7052K [0x00000000bb200000, 0x00000000bc6c0000, 0x00000000c0400000)
  object space 21248K, 33% used [0x00000000bb200000,0x00000000bb8e3158,0x00000000bc6c0000)
}
Event: 1.297 GC heap before
{Heap before GC invocations=2 (full 0):
 PSYoungGen      total 19072K, used 17970K [0x00000000eac00000, 0x00000000ec140000, 0x0000000100000000)
  eden space 16384K, 97% used [0x00000000eac00000,0x00000000ebb8d618,0x00000000ebc00000)
  from space 2688K, 76% used [0x00000000ebc00000,0x00000000ebdff520,0x00000000ebea0000)
  to   space 2688K, 0% used [0x00000000ebea0000,0x00000000ebea0000,0x00000000ec140000)
 ParOldGen       total 43520K, used 16146K [0x00000000c0400000, 0x00000000c2e80000, 0x00000000eac00000)
  object space 43520K, 37% used [0x00000000c0400000,0x00000000c13c4a70,0x00000000c2e80000)
 PSPermGen       total 21248K, used 9144K [0x00000000bb200000, 0x00000000bc6c0000, 0x00000000c0400000)
  object space 21248K, 43% used [0x00000000bb200000,0x00000000bbaee228,0x00000000bc6c0000)
Event: 1.303 GC heap after
Heap after GC invocations=2 (full 0):
 PSYoungGen      total 19072K, used 2269K [0x00000000eac00000, 0x00000000ed140000, 0x0000000100000000)
  eden space 16384K, 0% used [0x00000000eac00000,0x00000000eac00000,0x00000000ebc00000)
  from space 2688K, 84% used [0x00000000ebea0000,0x00000000ec0d7520,0x00000000ec140000)
  to   space 2688K, 0% used [0x00000000ebc00000,0x00000000ebc00000,0x00000000ebea0000)
 ParOldGen       total 43520K, used 30794K [0x00000000c0400000, 0x00000000c2e80000, 0x00000000eac00000)
  object space 43520K, 70% used [0x00000000c0400000,0x00000000c2212890,0x00000000c2e80000)
 PSPermGen       total 21248K, used 9144K [0x00000000bb200000, 0x00000000bc6c0000, 0x00000000c0400000)
  object space 21248K, 43% used [0x00000000bb200000,0x00000000bbaee228,0x00000000bc6c0000)
}
Event: 1.303 GC heap before
{Heap before GC invocations=3 (full 1):
 PSYoungGen      total 19072K, used 2269K [0x00000000eac00000, 0x00000000ed140000, 0x0000000100000000)
  eden space 16384K, 0% used [0x00000000eac00000,0x00000000eac00000,0x00000000ebc00000)
  from space 2688K, 84% used [0x00000000ebea0000,0x00000000ec0d7520,0x00000000ec140000)
  to   space 2688K, 0% used [0x00000000ebc00000,0x00000000ebc00000,0x00000000ebea0000)
 ParOldGen       total 43520K, used 30794K [0x00000000c0400000, 0x00000000c2e80000, 0x00000000eac00000)
  object space 43520K, 70% used [0x00000000c0400000,0x00000000c2212890,0x00000000c2e80000)
 PSPermGen       total 21248K, used 9144K [0x00000000bb200000, 0x00000000bc6c0000, 0x00000000c0400000)
  object space 21248K, 43% used [0x00000000bb200000,0x00000000bbaee228,0x00000000bc6c0000)
Event: 1.322 GC heap after
Heap after GC invocations=3 (full 1):
 PSYoungGen      total 19072K, used 0K [0x00000000eac00000, 0x00000000ed140000, 0x0000000100000000)
  eden space 16384K, 0% used [0x00000000eac00000,0x00000000eac00000,0x00000000ebc00000)
  from space 2688K, 0% used [0x00000000ebea0000,0x00000000ebea0000,0x00000000ec140000)
  to   space 2688K, 0% used [0x00000000ebc00000,0x00000000ebc00000,0x00000000ebea0000)
 ParOldGen       total 60352K, used 18324K [0x00000000c0400000, 0x00000000c3ef0000, 0x00000000eac00000)
  object space 60352K, 30% used [0x00000000c0400000,0x00000000c15e5398,0x00000000c3ef0000)
 PSPermGen       total 21248K, used 9141K [0x00000000bb200000, 0x00000000bc6c0000, 0x00000000c0400000)
  object space 21248K, 43% used [0x00000000bb200000,0x00000000bbaed5f8,0x00000000bc6c0000)
}
Event: 3.480 GC heap before
{Heap before GC invocations=4 (full 1):
 PSYoungGen      total 19072K, used 16384K [0x00000000eac00000, 0x00000000ed140000, 0x0000000100000000)
  eden space 16384K, 100% used [0x00000000eac00000,0x00000000ebc00000,0x00000000ebc00000)
  from space 2688K, 0% used [0x00000000ebea0000,0x00000000ebea0000,0x00000000ec140000)
  to   space 2688K, 0% used [0x00000000ebc00000,0x00000000ebc00000,0x00000000ebea0000)
 ParOldGen       total 60352K, used 18324K [0x00000000c0400000, 0x00000000c3ef0000, 0x00000000eac00000)
  object space 60352K, 30% used [0x00000000c0400000,0x00000000c15e5398,0x00000000c3ef0000)
 PSPermGen       total 21248K, used 9345K [0x00000000bb200000, 0x00000000bc6c0000, 0x00000000c0400000)
  object space 21248K, 43% used [0x00000000bb200000,0x00000000bbb207e8,0x00000000bc6c0000)
Event: 3.484 GC heap after
Heap after GC invocations=4 (full 1):
 PSYoungGen      total 19072K, used 128K [0x00000000eac00000, 0x00000000ec730000, 0x0000000100000000)
  eden space 16384K, 0% used [0x00000000eac00000,0x00000000eac00000,0x00000000ebc00000)
  from space 2688K, 4% used [0x00000000ebc00000,0x00000000ebc20000,0x00000000ebea0000)
  to   space 2688K, 0% used [0x00000000ec490000,0x00000000ec490000,0x00000000ec730000)
 ParOldGen       total 60352K, used 32972K [0x00000000c0400000, 0x00000000c3ef0000, 0x00000000eac00000)
  object space 60352K, 54% used [0x00000000c0400000,0x00000000c24331b8,0x00000000c3ef0000)
 PSPermGen       total 21248K, used 9345K [0x00000000bb200000, 0x00000000bc6c0000, 0x00000000c0400000)
  object space 21248K, 43% used [0x00000000bb200000,0x00000000bbb207e8,0x00000000bc6c0000)
}

