# JRE version: 7.0_11-b21
# Java VM: Java HotSpot(TM) 64-Bit Server VM (23.6-b04 mixed mode windows-amd64 compressed oops)
Heap
 PSYoungGen      total 47552K, used 37303K [0x00000000eac00000, 0x00000000ef1d0000, 0x0000000100000000)
  eden space 44864K, 82% used [0x00000000eac00000,0x00000000ed055c80,0x00000000ed7d0000)
  from space 2688K, 3% used [0x00000000ed7d0000,0x00000000ed7e8000,0x00000000eda70000)
  to   space 3072K, 0% used [0x00000000eeed0000,0x00000000eeed0000,0x00000000ef1d0000)
 ParOldGen       total 81216K, used 47746K [0x00000000c0400000, 0x00000000c5350000, 0x00000000eac00000)
  object space 81216K, 58% used [0x00000000c0400000,0x00000000c32a0840,0x00000000c5350000)
 PSPermGen       total 21248K, used 9685K [0x00000000bb200000, 0x00000000bc6c0000, 0x00000000c0400000)
  object space 21248K, 45% used [0x00000000bb200000,0x00000000bbb75720,0x00000000bc6c0000)
GC Heap History (10 events):
Event: 1.484 GC heap before
{Heap before GC invocations=3 (full 1):
 PSYoungGen      total 35456K, used 2365K [0x00000000eac00000, 0x00000000ed140000, 0x0000000100000000)
  eden space 32768K, 0% used [0x00000000eac00000,0x00000000eac00000,0x00000000ecc00000)
  from space 2688K, 87% used [0x00000000ecea0000,0x00000000ed0ef540,0x00000000ed140000)
  to   space 2688K, 0% used [0x00000000ecc00000,0x00000000ecc00000,0x00000000ecea0000)
 ParOldGen       total 43520K, used 38125K [0x00000000c0400000, 0x00000000c2e80000, 0x00000000eac00000)
  object space 43520K, 87% used [0x00000000c0400000,0x00000000c293b7a0,0x00000000c2e80000)
 PSPermGen       total 21248K, used 9217K [0x00000000bb200000, 0x00000000bc6c0000, 0x00000000c0400000)
  object space 21248K, 43% used [0x00000000bb200000,0x00000000bbb00508,0x00000000bc6c0000)
Event: 1.504 GC heap after
Heap after GC invocations=3 (full 1):
 PSYoungGen      total 35456K, used 0K [0x00000000eac00000, 0x00000000ed140000, 0x0000000100000000)
  eden space 32768K, 0% used [0x00000000eac00000,0x00000000eac00000,0x00000000ecc00000)
  from space 2688K, 0% used [0x00000000ecea0000,0x00000000ecea0000,0x00000000ed140000)
  to   space 2688K, 0% used [0x00000000ecc00000,0x00000000ecc00000,0x00000000ecea0000)
 ParOldGen       total 66112K, used 18382K [0x00000000c0400000, 0x00000000c4490000, 0x00000000eac00000)
  object space 66112K, 27% used [0x00000000c0400000,0x00000000c15f3b18,0x00000000c4490000)
 PSPermGen       total 21248K, used 9214K [0x00000000bb200000, 0x00000000bc6c0000, 0x00000000c0400000)
  object space 21248K, 43% used [0x00000000bb200000,0x00000000bbaff8d8,0x00000000bc6c0000)
}
Event: 25.870 GC heap before
{Heap before GC invocations=4 (full 1):
 PSYoungGen      total 35456K, used 32768K [0x00000000eac00000, 0x00000000ed140000, 0x0000000100000000)
  eden space 32768K, 100% used [0x00000000eac00000,0x00000000ecc00000,0x00000000ecc00000)
  from space 2688K, 0% used [0x00000000ecea0000,0x00000000ecea0000,0x00000000ed140000)
  to   space 2688K, 0% used [0x00000000ecc00000,0x00000000ecc00000,0x00000000ecea0000)
 ParOldGen       total 66112K, used 18382K [0x00000000c0400000, 0x00000000c4490000, 0x00000000eac00000)
  object space 66112K, 27% used [0x00000000c0400000,0x00000000c15f3b18,0x00000000c4490000)
 PSPermGen       total 21248K, used 9577K [0x00000000bb200000, 0x00000000bc6c0000, 0x00000000c0400000)
  object space 21248K, 45% used [0x00000000bb200000,0x00000000bbb5a5a8,0x00000000bc6c0000)
Event: 25.874 GC heap after
Heap after GC invocations=4 (full 1):
 PSYoungGen      total 35456K, used 160K [0x00000000eac00000, 0x00000000edee0000, 0x0000000100000000)
  eden space 32768K, 0% used [0x00000000eac00000,0x00000000eac00000,0x00000000ecc00000)
  from space 2688K, 5% used [0x00000000ecc00000,0x00000000ecc28000,0x00000000ecea0000)
  to   space 2688K, 0% used [0x00000000edc40000,0x00000000edc40000,0x00000000edee0000)
 ParOldGen       total 66112K, used 33030K [0x00000000c0400000, 0x00000000c4490000, 0x00000000eac00000)
  object space 66112K, 49% used [0x00000000c0400000,0x00000000c2441938,0x00000000c4490000)
 PSPermGen       total 21248K, used 9577K [0x00000000bb200000, 0x00000000bc6c0000, 0x00000000c0400000)
  object space 21248K, 45% used [0x00000000bb200000,0x00000000bbb5a5a8,0x00000000bc6c0000)
}
Event: 31.502 GC heap before
{Heap before GC invocations=5 (full 1):
 PSYoungGen      total 35456K, used 26178K [0x00000000eac00000, 0x00000000edee0000, 0x0000000100000000)
  eden space 32768K, 79% used [0x00000000eac00000,0x00000000ec568be8,0x00000000ecc00000)
  from space 2688K, 5% used [0x00000000ecc00000,0x00000000ecc28000,0x00000000ecea0000)
  to   space 2688K, 0% used [0x00000000edc40000,0x00000000edc40000,0x00000000edee0000)
 ParOldGen       total 66112K, used 33030K [0x00000000c0400000, 0x00000000c4490000, 0x00000000eac00000)
  object space 66112K, 49% used [0x00000000c0400000,0x00000000c2441938,0x00000000c4490000)
 PSPermGen       total 21248K, used 9612K [0x00000000bb200000, 0x00000000bc6c0000, 0x00000000c0400000)
  object space 21248K, 45% used [0x00000000bb200000,0x00000000bbb633c8,0x00000000bc6c0000)
Event: 31.510 GC heap after
Heap after GC invocations=5 (full 1):
 PSYoungGen      total 45696K, used 224K [0x00000000eac00000, 0x00000000edd10000, 0x0000000100000000)
  eden space 44864K, 0% used [0x00000000eac00000,0x00000000eac00000,0x00000000ed7d0000)
  from space 832K, 26% used [0x00000000edc40000,0x00000000edc78000,0x00000000edd10000)
  to   space 2688K, 0% used [0x00000000ed7d0000,0x00000000ed7d0000,0x00000000eda70000)
 ParOldGen       total 66112K, used 56279K [0x00000000c0400000, 0x00000000c4490000, 0x00000000eac00000)
  object space 66112K, 85% used [0x00000000c0400000,0x00000000c3af5fe8,0x00000000c4490000)
 PSPermGen       total 21248K, used 9612K [0x00000000bb200000, 0x00000000bc6c0000, 0x00000000c0400000)
  object space 21248K, 45% used [0x00000000bb200000,0x00000000bbb633c8,0x00000000bc6c0000)
}
Event: 31.510 GC heap before
{Heap before GC invocations=6 (full 2):
 PSYoungGen      total 45696K, used 224K [0x00000000eac00000, 0x00000000edd10000, 0x0000000100000000)
  eden space 44864K, 0% used [0x00000000eac00000,0x00000000eac00000,0x00000000ed7d0000)
  from space 832K, 26% used [0x00000000edc40000,0x00000000edc78000,0x00000000edd10000)
  to   space 2688K, 0% used [0x00000000ed7d0000,0x00000000ed7d0000,0x00000000eda70000)
 ParOldGen       total 66112K, used 56279K [0x00000000c0400000, 0x00000000c4490000, 0x00000000eac00000)
  object space 66112K, 85% used [0x00000000c0400000,0x00000000c3af5fe8,0x00000000c4490000)
 PSPermGen       total 21248K, used 9612K [0x00000000bb200000, 0x00000000bc6c0000, 0x00000000c0400000)
  object space 21248K, 45% used [0x00000000bb200000,0x00000000bbb633c8,0x00000000bc6c0000)
Event: 31.530 GC heap after
Heap after GC invocations=6 (full 2):
 PSYoungGen      total 45696K, used 0K [0x00000000eac00000, 0x00000000edd10000, 0x0000000100000000)
  eden space 44864K, 0% used [0x00000000eac00000,0x00000000eac00000,0x00000000ed7d0000)
  from space 832K, 0% used [0x00000000edc40000,0x00000000edc40000,0x00000000edd10000)
  to   space 2688K, 0% used [0x00000000ed7d0000,0x00000000ed7d0000,0x00000000eda70000)
 ParOldGen       total 81216K, used 18848K [0x00000000c0400000, 0x00000000c5350000, 0x00000000eac00000)
  object space 81216K, 23% used [0x00000000c0400000,0x00000000c1668080,0x00000000c5350000)
 PSPermGen       total 21248K, used 9612K [0x00000000bb200000, 0x00000000bc6c0000, 0x00000000c0400000)
  object space 21248K, 45% used [0x00000000bb200000,0x00000000bbb63348,0x00000000bc6c0000)
}
Event: 55.041 GC heap before
{Heap before GC invocations=7 (full 2):
 PSYoungGen      total 45696K, used 44864K [0x00000000eac00000, 0x00000000edd10000, 0x0000000100000000)
  eden space 44864K, 100% used [0x00000000eac00000,0x00000000ed7d0000,0x00000000ed7d0000)
  from space 832K, 0% used [0x00000000edc40000,0x00000000edc40000,0x00000000edd10000)
  to   space 2688K, 0% used [0x00000000ed7d0000,0x00000000ed7d0000,0x00000000eda70000)
 ParOldGen       total 81216K, used 18848K [0x00000000c0400000, 0x00000000c5350000, 0x00000000eac00000)
  object space 81216K, 23% used [0x00000000c0400000,0x00000000c1668080,0x00000000c5350000)
 PSPermGen       total 21248K, used 9684K [0x00000000bb200000, 0x00000000bc6c0000, 0x00000000c0400000)
  object space 21248K, 45% used [0x00000000bb200000,0x00000000bbb752b8,0x00000000bc6c0000)
Event: 55.046 GC heap after
Heap after GC invocations=7 (full 2):
 PSYoungGen      total 47552K, used 96K [0x00000000eac00000, 0x00000000ef1d0000, 0x0000000100000000)
  eden space 44864K, 0% used [0x00000000eac00000,0x00000000eac00000,0x00000000ed7d0000)
  from space 2688K, 3% used [0x00000000ed7d0000,0x00000000ed7e8000,0x00000000eda70000)
  to   space 3072K, 0% used [0x00000000eeed0000,0x00000000eeed0000,0x00000000ef1d0000)
 ParOldGen       total 81216K, used 47746K [0x00000000c0400000, 0x00000000c5350000, 0x00000000eac00000)
  object space 81216K, 58% used [0x00000000c0400000,0x00000000c32a0840,0x00000000c5350000)
 PSPermGen       total 21248K, used 9684K [0x00000000bb200000, 0x00000000bc6c0000, 0x00000000c0400000)
  object space 21248K, 45% used [0x00000000bb200000,0x00000000bbb752b8,0x00000000bc6c0000)
}

